[debug] [2022-04-26T10:59:08.969Z] ----------------------------------------------------------------------
[debug] [2022-04-26T10:59:08.971Z] Command:       C:\Program Files\nodejs\node.exe C:\Users\hossa\AppData\Roaming\npm\node_modules\firebase-tools\lib\bin\firebase.js init
[debug] [2022-04-26T10:59:08.972Z] CLI Version:   10.7.1
[debug] [2022-04-26T10:59:08.972Z] Platform:      win32
[debug] [2022-04-26T10:59:08.972Z] Node Version:  v16.14.2
[debug] [2022-04-26T10:59:08.973Z] Time:          Tue Apr 26 2022 16:59:08 GMT+0600 (Bangladesh Standard Time)
[debug] [2022-04-26T10:59:08.973Z] ----------------------------------------------------------------------
[debug] 
[debug] [2022-04-26T10:59:09.044Z] > command requires scopes: ["email","openid","https://www.googleapis.com/auth/cloudplatformprojects.readonly","https://www.googleapis.com/auth/firebase","https://www.googleapis.com/auth/cloud-platform"]
[debug] [2022-04-26T10:59:09.045Z] > authorizing via signed-in user (myselfarian153@gmail.com)
[info] 
     ######## #### ########  ######## ########     ###     ######  ########
     ##        ##  ##     ## ##       ##     ##  ##   ##  ##       ##
     ######    ##  ########  ######   ########  #########  ######  ######
     ##        ##  ##    ##  ##       ##     ## ##     ##       ## ##
     ##       #### ##     ## ######## ########  ##     ##  ######  ########

You're about to initialize a Firebase project in this directory:

  G:\Practice\emart

Before we get started, keep in mind:

  * You are initializing within an existing Firebase project directory

[info] 
=== Project Setup
[info] 
[info] First, let's associate this project directory with a Firebase project.
[info] You can create multiple project aliases by running firebase use --add, 
[info] but for now we'll just set up a default project.
[info] 
[debug] [2022-04-26T10:59:14.152Z] Using project from CLI flag: emart-8f5c9
[debug] [2022-04-26T10:59:14.155Z] >>> [apiv2][query] GET https://firebase.googleapis.com/v1beta1/projects/emart-8f5c9 [none]
[debug] [2022-04-26T10:59:15.087Z] <<< [apiv2][status] GET https://firebase.googleapis.com/v1beta1/projects/emart-8f5c9 403
[debug] [2022-04-26T10:59:15.088Z] <<< [apiv2][body] GET https://firebase.googleapis.com/v1beta1/projects/emart-8f5c9 {"error":{"code":403,"message":"The caller does not have permission","status":"PERMISSION_DENIED"}}
[debug] [2022-04-26T10:59:15.088Z] HTTP Error: 403, The caller does not have permission
[debug] [2022-04-26T10:59:15.289Z] FirebaseError: HTTP Error: 403, The caller does not have permission
    at module.exports (C:\Users\hossa\AppData\Roaming\npm\node_modules\firebase-tools\lib\responseToError.js:47:12)
    at RetryOperation._fn (C:\Users\hossa\AppData\Roaming\npm\node_modules\firebase-tools\lib\apiv2.js:286:39)
    at processTicksAndRejections (node:internal/process/task_queues:96:5)
[error] 
[error] Error: Failed to get Firebase project emart-8f5c9. Please make sure the project exists and your account has permission to access it.
[debug] [2022-04-26T10:59:38.124Z] ----------------------------------------------------------------------
[debug] [2022-04-26T10:59:38.126Z] Command:       C:\Program Files\nodejs\node.exe C:\Users\hossa\AppData\Roaming\npm\node_modules\firebase-tools\lib\bin\firebase.js init
[debug] [2022-04-26T10:59:38.126Z] CLI Version:   10.7.1
[debug] [2022-04-26T10:59:38.127Z] Platform:      win32
[debug] [2022-04-26T10:59:38.127Z] Node Version:  v16.14.2
[debug] [2022-04-26T10:59:38.128Z] Time:          Tue Apr 26 2022 16:59:38 GMT+0600 (Bangladesh Standard Time)
[debug] [2022-04-26T10:59:38.128Z] ----------------------------------------------------------------------
[debug] 
[debug] [2022-04-26T10:59:38.195Z] > command requires scopes: ["email","openid","https://www.googleapis.com/auth/cloudplatformprojects.readonly","https://www.googleapis.com/auth/firebase","https://www.googleapis.com/auth/cloud-platform"]
[debug] [2022-04-26T10:59:38.195Z] > authorizing via signed-in user (myselfarian153@gmail.com)
[info] 
     ######## #### ########  ######## ########     ###     ######  ########
     ##        ##  ##     ## ##       ##     ##  ##   ##  ##       ##
     ######    ##  ########  ######   ########  #########  ######  ######
     ##        ##  ##    ##  ##       ##     ## ##     ##       ## ##
     ##       #### ##     ## ######## ########  ##     ##  ######  ########

You're about to initialize a Firebase project in this directory:

  G:\Practice\emart

Before we get started, keep in mind:

  * You are initializing within an existing Firebase project directory

[info] 
=== Project Setup
[info] 
[info] First, let's associate this project directory with a Firebase project.
[info] You can create multiple project aliases by running firebase use --add, 
[info] but for now we'll just set up a default project.
[info] 
[debug] [2022-04-26T10:59:56.020Z] Using project from CLI flag: emart-8f5c9
[debug] [2022-04-26T10:59:56.025Z] >>> [apiv2][query] GET https://firebase.googleapis.com/v1beta1/projects/emart-8f5c9 [none]
[debug] [2022-04-26T10:59:56.672Z] <<< [apiv2][status] GET https://firebase.googleapis.com/v1beta1/projects/emart-8f5c9 403
[debug] [2022-04-26T10:59:56.672Z] <<< [apiv2][body] GET https://firebase.googleapis.com/v1beta1/projects/emart-8f5c9 {"error":{"code":403,"message":"The caller does not have permission","status":"PERMISSION_DENIED"}}
[debug] [2022-04-26T10:59:56.673Z] HTTP Error: 403, The caller does not have permission
[debug] [2022-04-26T10:59:56.928Z] FirebaseError: HTTP Error: 403, The caller does not have permission
    at module.exports (C:\Users\hossa\AppData\Roaming\npm\node_modules\firebase-tools\lib\responseToError.js:47:12)
    at RetryOperation._fn (C:\Users\hossa\AppData\Roaming\npm\node_modules\firebase-tools\lib\apiv2.js:286:39)
    at processTicksAndRejections (node:internal/process/task_queues:96:5)
[error] 
[error] Error: Failed to get Firebase project emart-8f5c9. Please make sure the project exists and your account has permission to access it.
